2019-02-18 16:38:08.648  INFO 14596 --- [restartedMain] org.app.demo.lms.LmsApplication          : Starting LmsApplication on LAPTOP-IQK01NR6 with PID 14596 (started by MuhammadUsman in C:\Users\MuhammadUsman\Desktop\New folder\lms-master)
2019-02-18 16:38:08.653  INFO 14596 --- [restartedMain] org.app.demo.lms.LmsApplication          : No active profile set, falling back to default profiles: default
2019-02-18 16:38:08.753  INFO 14596 --- [restartedMain] .e.DevToolsPropertyDefaultsPostProcessor : Devtools property defaults active! Set 'spring.devtools.add-properties' to 'false' to disable
2019-02-18 16:38:08.758  INFO 14596 --- [restartedMain] .e.DevToolsPropertyDefaultsPostProcessor : For additional web related logging consider setting the 'logging.level.web' property to 'DEBUG'
2019-02-18 16:38:10.784  INFO 14596 --- [restartedMain] .s.d.r.c.RepositoryConfigurationDelegate : Bootstrapping Spring Data repositories in DEFAULT mode.
2019-02-18 16:38:10.975  INFO 14596 --- [restartedMain] .s.d.r.c.RepositoryConfigurationDelegate : Finished Spring Data repository scanning in 172ms. Found 3 repository interfaces.
2019-02-18 16:38:11.950  INFO 14596 --- [restartedMain] trationDelegate$BeanPostProcessorChecker : Bean 'org.springframework.transaction.annotation.ProxyTransactionManagementConfiguration' of type [org.springframework.transaction.annotation.ProxyTransactionManagementConfiguration$$EnhancerBySpringCGLIB$$fc645bda] is not eligible for getting processed by all BeanPostProcessors (for example: not eligible for auto-proxying)
2019-02-18 16:38:13.862  INFO 14596 --- [restartedMain] o.s.b.w.embedded.tomcat.TomcatWebServer  : Tomcat initialized with port(s): 8080 (http)
2019-02-18 16:38:13.949  INFO 14596 --- [restartedMain] o.apache.catalina.core.StandardService   : Starting service [Tomcat]
2019-02-18 16:38:13.954  INFO 14596 --- [restartedMain] org.apache.catalina.core.StandardEngine  : Starting Servlet engine: [Apache Tomcat/9.0.14]
2019-02-18 16:38:13.998  INFO 14596 --- [restartedMain] o.a.catalina.core.AprLifecycleListener   : The APR based Apache Tomcat Native library which allows optimal performance in production environments was not found on the java.library.path: [C:\Program Files\Java\jdk1.8.0_131\jre\bin;C:\WINDOWS\Sun\Java\bin;C:\WINDOWS\system32;C:\WINDOWS;C:\Program Files (x86)\Common Files\Oracle\Java\javapath;C:\ProgramData\Oracle\Java\javapath;C:\Program Files (x86)\Intel\iCLS Client\;C:\Program Files\Intel\iCLS Client\;C:\WINDOWS\system32;C:\WINDOWS;C:\WINDOWS\System32\Wbem;C:\WINDOWS\System32\WindowsPowerShell\v1.0\;C:\Program Files (x86)\Intel\Intel(R) Management Engine Components\DAL;C:\Program Files\Intel\Intel(R) Management Engine Components\DAL;C:\Program Files (x86)\Intel\Intel(R) Management Engine Components\IPT;C:\Program Files\Intel\Intel(R) Management Engine Components\IPT;C:\Program Files\PuTTY\;C:\Program Files\Git\cmd;C:\Program Files\Git\mingw64\bin;C:\Program Files\Git\usr\bin;C:\Program Files (x86)\Bitvise SSH Client;C:\Program Files\Microsoft VS Code\bin;C:\Users\MuhammadUsman\Desktop\Software\apache-maven-3.5.4-bin\apache-maven-3.5.4\bin;C:\WINDOWS\System32\OpenSSH\;C:\Users\MuhammadUsman\AppData\Roaming\nvm;C:\Program Files\nodejs;C:\Program Files (x86)\Windows Kits\8.1\Windows Performance Toolkit\;C:\Program Files\kubectl;C:\Program Files\helm\windows-amd64;C:\Program Files\IBM\Cloud\bin;C:\Program Files\IBM\Cloud\bin\cfcli;C:\Program Files\Intel\WiFi\bin\;C:\Program Files\Common Files\Intel\WirelessCommon\;C:\Users\MuhammadUsman\.windows-build-tools\python27\;C:\Users\MuhammadUsman\AppData\Roaming\nvm\v8.9.4\node_modules\npm\node_modules\npm-lifecycle\node-gyp-bin;C:\Program Files\nodejs\node_modules\windows-build-tools\node_modules\.bin;C:\Program Files\nodejs\node_modules\.bin;C:\Users\MuhammadUsman\bin;C:\Program Files\Git\mingw64\bin;C:\Program Files\Git\usr\local\bin;C:\Program Files\Git\usr\bin;C:\Program Files\Git\usr\bin;C:\Program Files\Git\mingw64\bin;C:\Program Files\Git\usr\bin;C:\Users\MuhammadUsman\bin;C:\Program Files (x86)\Common Files\Oracle\Java\javapath;C:\Program Files (x86)\Intel\iCLS Client;C:\Program Files\Intel\iCLS Client;C:\WINDOWS\system32;C:\WINDOWS;C:\WINDOWS\System32\Wbem;C:\WINDOWS\System32\WindowsPowerShell\v1.0;C:\Program Files (x86)\Intel\Intel(R) Management Engine Components\DAL;C:\Program Files\Intel\Intel(R) Management Engine Components\DAL;C:\Program Files (x86)\Intel\Intel(R) Management Engine Components\IPT;C:\Program Files\Intel\Intel(R) Management Engine Components\IPT;C:\Program Files\PuTTY;C:\Program Files\Git\cmd;C:\Program Files\Git\mingw64\bin;C:\Program Files\Git\usr\bin;C:\Program Files (x86)\Bitvise SSH Client;C:\Program Files\Microsoft VS Code\bin;C:\Users\MuhammadUsman\Desktop\Software\apache-maven-3.5.4-bin\apache-maven-3.5.4\bin;C:\WINDOWS\System32\OpenSSH;C:\Program Files\Intel\WiFi\bin;C:\Program Files\Common Files\Intel\WirelessCommon;C:\Users\MuhammadUsman\AppData\Roaming\nvm;C:\Program Files\nodejs;C:\Users\MuhammadUsman\AppData\Local\Microsoft\WindowsApps;C:\Users\MuhammadUsman\AppData\Roaming\nvm;C:\Program Files\nodejs;C:\Program Files\Git\usr\bin\vendor_perl;C:\Program Files\Git\usr\bin\core_perl;C:\Program Files\IBM\Cloud\bin\cfcli;C:\Users\MuhammadUsman\AppData\Local\Box\Box Edit\;.]
2019-02-18 16:38:14.299  INFO 14596 --- [restartedMain] o.a.c.c.C.[Tomcat].[localhost].[/]       : Initializing Spring embedded WebApplicationContext
2019-02-18 16:38:14.301  INFO 14596 --- [restartedMain] o.s.web.context.ContextLoader            : Root WebApplicationContext: initialization completed in 5540 ms
2019-02-18 16:38:14.672 DEBUG 14596 --- [restartedMain] o.s.w.f.CommonsRequestLoggingFilter      : Filter 'requestLoggingFilter' configured for use
2019-02-18 16:38:14.930  INFO 14596 --- [restartedMain] com.zaxxer.hikari.HikariDataSource       : HikariPool-1 - Starting...
2019-02-18 16:38:15.824  INFO 14596 --- [restartedMain] com.zaxxer.hikari.HikariDataSource       : HikariPool-1 - Start completed.
2019-02-18 16:38:16.219  INFO 14596 --- [restartedMain] o.hibernate.jpa.internal.util.LogHelper  : HHH000204: Processing PersistenceUnitInfo [
	name: default
	...]
2019-02-18 16:38:16.430  INFO 14596 --- [restartedMain] org.hibernate.Version                    : HHH000412: Hibernate Core {5.3.7.Final}
2019-02-18 16:38:16.433  INFO 14596 --- [restartedMain] org.hibernate.cfg.Environment            : HHH000206: hibernate.properties not found
2019-02-18 16:38:16.844  INFO 14596 --- [restartedMain] o.hibernate.annotations.common.Version   : HCANN000001: Hibernate Commons Annotations {5.0.4.Final}
2019-02-18 16:38:17.332  INFO 14596 --- [restartedMain] org.hibernate.dialect.Dialect            : HHH000400: Using dialect: org.hibernate.dialect.H2Dialect
2019-02-18 16:38:19.579  INFO 14596 --- [restartedMain] j.LocalContainerEntityManagerFactoryBean : Initialized JPA EntityManagerFactory for persistence unit 'default'
2019-02-18 16:38:19.617  INFO 14596 --- [restartedMain] o.s.b.d.a.OptionalLiveReloadServer       : LiveReload server is running on port 35729
2019-02-18 16:38:20.833  INFO 14596 --- [restartedMain] o.s.s.concurrent.ThreadPoolTaskExecutor  : Initializing ExecutorService 'applicationTaskExecutor'
2019-02-18 16:38:20.933  WARN 14596 --- [restartedMain] aWebConfiguration$JpaWebMvcConfiguration : spring.jpa.open-in-view is enabled by default. Therefore, database queries may be performed during view rendering. Explicitly configure spring.jpa.open-in-view to disable this warning
2019-02-18 16:38:21.829  INFO 14596 --- [restartedMain] o.s.b.w.embedded.tomcat.TomcatWebServer  : Tomcat started on port(s): 8080 (http) with context path ''
2019-02-18 16:38:21.837  INFO 14596 --- [restartedMain] org.app.demo.lms.LmsApplication          : Started LmsApplication in 14.152 seconds (JVM running for 15.375)
2019-02-18 18:35:03.368  INFO 14596 --- [Thread-6] o.s.s.concurrent.ThreadPoolTaskExecutor  : Shutting down ExecutorService 'applicationTaskExecutor'
2019-02-18 18:35:05.919  INFO 14596 --- [Thread-6] j.LocalContainerEntityManagerFactoryBean : Closing JPA EntityManagerFactory for persistence unit 'default'
2019-02-18 18:35:05.945  INFO 14596 --- [Thread-6] com.zaxxer.hikari.HikariDataSource       : HikariPool-1 - Shutdown initiated...
2019-02-18 18:35:05.959  INFO 14596 --- [Thread-6] com.zaxxer.hikari.HikariDataSource       : HikariPool-1 - Shutdown completed.
2019-02-18 18:51:00.586  INFO 9288 --- [restartedMain] com.app.lms.Application                  : Starting Application on LAPTOP-IQK01NR6 with PID 9288 (started by MuhammadUsman in C:\Users\MuhammadUsman\Desktop\New folder\lms-master)
2019-02-18 18:51:00.605  INFO 9288 --- [restartedMain] com.app.lms.Application                  : No active profile set, falling back to default profiles: default
2019-02-18 18:51:00.732  INFO 9288 --- [restartedMain] .e.DevToolsPropertyDefaultsPostProcessor : Devtools property defaults active! Set 'spring.devtools.add-properties' to 'false' to disable
2019-02-18 18:51:00.733  INFO 9288 --- [restartedMain] .e.DevToolsPropertyDefaultsPostProcessor : For additional web related logging consider setting the 'logging.level.web' property to 'DEBUG'
2019-02-18 18:51:02.996  INFO 9288 --- [restartedMain] .s.d.r.c.RepositoryConfigurationDelegate : Bootstrapping Spring Data repositories in DEFAULT mode.
2019-02-18 18:51:03.184  INFO 9288 --- [restartedMain] .s.d.r.c.RepositoryConfigurationDelegate : Finished Spring Data repository scanning in 166ms. Found 3 repository interfaces.
2019-02-18 18:51:04.181  INFO 9288 --- [restartedMain] trationDelegate$BeanPostProcessorChecker : Bean 'org.springframework.transaction.annotation.ProxyTransactionManagementConfiguration' of type [org.springframework.transaction.annotation.ProxyTransactionManagementConfiguration$$EnhancerBySpringCGLIB$$ad681453] is not eligible for getting processed by all BeanPostProcessors (for example: not eligible for auto-proxying)
2019-02-18 18:51:05.842  INFO 9288 --- [restartedMain] o.s.b.w.embedded.tomcat.TomcatWebServer  : Tomcat initialized with port(s): 8080 (http)
2019-02-18 18:51:05.906  INFO 9288 --- [restartedMain] o.apache.catalina.core.StandardService   : Starting service [Tomcat]
2019-02-18 18:51:05.918  INFO 9288 --- [restartedMain] org.apache.catalina.core.StandardEngine  : Starting Servlet engine: [Apache Tomcat/9.0.14]
2019-02-18 18:51:05.986  INFO 9288 --- [restartedMain] o.a.catalina.core.AprLifecycleListener   : The APR based Apache Tomcat Native library which allows optimal performance in production environments was not found on the java.library.path: [C:\Program Files\Java\jdk1.8.0_131\jre\bin;C:\WINDOWS\Sun\Java\bin;C:\WINDOWS\system32;C:\WINDOWS;C:\Program Files (x86)\Common Files\Oracle\Java\javapath;C:\ProgramData\Oracle\Java\javapath;C:\Program Files (x86)\Intel\iCLS Client\;C:\Program Files\Intel\iCLS Client\;C:\WINDOWS\system32;C:\WINDOWS;C:\WINDOWS\System32\Wbem;C:\WINDOWS\System32\WindowsPowerShell\v1.0\;C:\Program Files (x86)\Intel\Intel(R) Management Engine Components\DAL;C:\Program Files\Intel\Intel(R) Management Engine Components\DAL;C:\Program Files (x86)\Intel\Intel(R) Management Engine Components\IPT;C:\Program Files\Intel\Intel(R) Management Engine Components\IPT;C:\Program Files\PuTTY\;C:\Program Files\Git\cmd;C:\Program Files\Git\mingw64\bin;C:\Program Files\Git\usr\bin;C:\Program Files (x86)\Bitvise SSH Client;C:\Program Files\Microsoft VS Code\bin;C:\Users\MuhammadUsman\Desktop\Software\apache-maven-3.5.4-bin\apache-maven-3.5.4\bin;C:\WINDOWS\System32\OpenSSH\;C:\Users\MuhammadUsman\AppData\Roaming\nvm;C:\Program Files\nodejs;C:\Program Files (x86)\Windows Kits\8.1\Windows Performance Toolkit\;C:\Program Files\kubectl;C:\Program Files\helm\windows-amd64;C:\Program Files\IBM\Cloud\bin;C:\Program Files\IBM\Cloud\bin\cfcli;C:\Program Files\Intel\WiFi\bin\;C:\Program Files\Common Files\Intel\WirelessCommon\;C:\Users\MuhammadUsman\.windows-build-tools\python27\;C:\Users\MuhammadUsman\AppData\Roaming\nvm\v8.9.4\node_modules\npm\node_modules\npm-lifecycle\node-gyp-bin;C:\Program Files\nodejs\node_modules\windows-build-tools\node_modules\.bin;C:\Program Files\nodejs\node_modules\.bin;C:\Users\MuhammadUsman\bin;C:\Program Files\Git\mingw64\bin;C:\Program Files\Git\usr\local\bin;C:\Program Files\Git\usr\bin;C:\Program Files\Git\usr\bin;C:\Program Files\Git\mingw64\bin;C:\Program Files\Git\usr\bin;C:\Users\MuhammadUsman\bin;C:\Program Files (x86)\Common Files\Oracle\Java\javapath;C:\Program Files (x86)\Intel\iCLS Client;C:\Program Files\Intel\iCLS Client;C:\WINDOWS\system32;C:\WINDOWS;C:\WINDOWS\System32\Wbem;C:\WINDOWS\System32\WindowsPowerShell\v1.0;C:\Program Files (x86)\Intel\Intel(R) Management Engine Components\DAL;C:\Program Files\Intel\Intel(R) Management Engine Components\DAL;C:\Program Files (x86)\Intel\Intel(R) Management Engine Components\IPT;C:\Program Files\Intel\Intel(R) Management Engine Components\IPT;C:\Program Files\PuTTY;C:\Program Files\Git\cmd;C:\Program Files\Git\mingw64\bin;C:\Program Files\Git\usr\bin;C:\Program Files (x86)\Bitvise SSH Client;C:\Program Files\Microsoft VS Code\bin;C:\Users\MuhammadUsman\Desktop\Software\apache-maven-3.5.4-bin\apache-maven-3.5.4\bin;C:\WINDOWS\System32\OpenSSH;C:\Program Files\Intel\WiFi\bin;C:\Program Files\Common Files\Intel\WirelessCommon;C:\Users\MuhammadUsman\AppData\Roaming\nvm;C:\Program Files\nodejs;C:\Users\MuhammadUsman\AppData\Local\Microsoft\WindowsApps;C:\Users\MuhammadUsman\AppData\Roaming\nvm;C:\Program Files\nodejs;C:\Program Files\Git\usr\bin\vendor_perl;C:\Program Files\Git\usr\bin\core_perl;C:\Program Files\IBM\Cloud\bin\cfcli;C:\Users\MuhammadUsman\AppData\Local\Box\Box Edit\;.]
2019-02-18 18:51:06.355  INFO 9288 --- [restartedMain] o.a.c.c.C.[Tomcat].[localhost].[/]       : Initializing Spring embedded WebApplicationContext
2019-02-18 18:51:06.357  INFO 9288 --- [restartedMain] o.s.web.context.ContextLoader            : Root WebApplicationContext: initialization completed in 5623 ms
2019-02-18 18:51:06.817 DEBUG 9288 --- [restartedMain] o.s.w.f.CommonsRequestLoggingFilter      : Filter 'requestLoggingFilter' configured for use
2019-02-18 18:51:07.100  INFO 9288 --- [restartedMain] com.zaxxer.hikari.HikariDataSource       : HikariPool-1 - Starting...
2019-02-18 18:51:07.589  INFO 9288 --- [restartedMain] com.zaxxer.hikari.HikariDataSource       : HikariPool-1 - Start completed.
2019-02-18 18:51:07.765  INFO 9288 --- [restartedMain] o.hibernate.jpa.internal.util.LogHelper  : HHH000204: Processing PersistenceUnitInfo [
	name: default
	...]
2019-02-18 18:51:07.948  INFO 9288 --- [restartedMain] org.hibernate.Version                    : HHH000412: Hibernate Core {5.3.7.Final}
2019-02-18 18:51:07.954  INFO 9288 --- [restartedMain] org.hibernate.cfg.Environment            : HHH000206: hibernate.properties not found
2019-02-18 18:51:08.274  INFO 9288 --- [restartedMain] o.hibernate.annotations.common.Version   : HCANN000001: Hibernate Commons Annotations {5.0.4.Final}
2019-02-18 18:51:08.700  INFO 9288 --- [restartedMain] org.hibernate.dialect.Dialect            : HHH000400: Using dialect: org.hibernate.dialect.H2Dialect
2019-02-18 18:51:10.844  INFO 9288 --- [restartedMain] j.LocalContainerEntityManagerFactoryBean : Initialized JPA EntityManagerFactory for persistence unit 'default'
2019-02-18 18:51:10.941  INFO 9288 --- [restartedMain] o.s.b.d.a.OptionalLiveReloadServer       : LiveReload server is running on port 35729
2019-02-18 18:51:12.507  INFO 9288 --- [restartedMain] o.s.s.concurrent.ThreadPoolTaskExecutor  : Initializing ExecutorService 'applicationTaskExecutor'
2019-02-18 18:51:12.597  WARN 9288 --- [restartedMain] aWebConfiguration$JpaWebMvcConfiguration : spring.jpa.open-in-view is enabled by default. Therefore, database queries may be performed during view rendering. Explicitly configure spring.jpa.open-in-view to disable this warning
2019-02-18 18:51:13.565  INFO 9288 --- [restartedMain] o.s.b.w.embedded.tomcat.TomcatWebServer  : Tomcat started on port(s): 8080 (http) with context path ''
2019-02-18 18:51:13.578  INFO 9288 --- [restartedMain] com.app.lms.Application                  : Started Application in 14.04 seconds (JVM running for 15.172)
2019-02-18 18:53:55.412  INFO 9288 --- [Thread-6] o.s.s.concurrent.ThreadPoolTaskExecutor  : Shutting down ExecutorService 'applicationTaskExecutor'
2019-02-18 18:53:55.414  INFO 9288 --- [Thread-6] j.LocalContainerEntityManagerFactoryBean : Closing JPA EntityManagerFactory for persistence unit 'default'
2019-02-18 18:53:55.427  INFO 9288 --- [Thread-6] com.zaxxer.hikari.HikariDataSource       : HikariPool-1 - Shutdown initiated...
2019-02-18 18:53:55.450  INFO 9288 --- [Thread-6] com.zaxxer.hikari.HikariDataSource       : HikariPool-1 - Shutdown completed.
2019-02-18 18:53:56.473  INFO 9288 --- [restartedMain] com.app.lms.Application                  : Starting Application on LAPTOP-IQK01NR6 with PID 9288 (started by MuhammadUsman in C:\Users\MuhammadUsman\Desktop\New folder\lms-master)
2019-02-18 18:53:56.477  INFO 9288 --- [restartedMain] com.app.lms.Application                  : No active profile set, falling back to default profiles: default
2019-02-18 18:53:57.144  INFO 9288 --- [restartedMain] .s.d.r.c.RepositoryConfigurationDelegate : Bootstrapping Spring Data repositories in DEFAULT mode.
2019-02-18 18:53:57.211  INFO 9288 --- [restartedMain] .s.d.r.c.RepositoryConfigurationDelegate : Finished Spring Data repository scanning in 65ms. Found 3 repository interfaces.
2019-02-18 18:53:57.372  INFO 9288 --- [restartedMain] trationDelegate$BeanPostProcessorChecker : Bean 'org.springframework.transaction.annotation.ProxyTransactionManagementConfiguration' of type [org.springframework.transaction.annotation.ProxyTransactionManagementConfiguration$$EnhancerBySpringCGLIB$$ad681453] is not eligible for getting processed by all BeanPostProcessors (for example: not eligible for auto-proxying)
2019-02-18 18:53:57.689  INFO 9288 --- [restartedMain] o.s.b.w.embedded.tomcat.TomcatWebServer  : Tomcat initialized with port(s): 8080 (http)
2019-02-18 18:53:57.696  INFO 9288 --- [restartedMain] o.apache.catalina.core.StandardService   : Starting service [Tomcat]
2019-02-18 18:53:57.698  INFO 9288 --- [restartedMain] org.apache.catalina.core.StandardEngine  : Starting Servlet engine: [Apache Tomcat/9.0.14]
2019-02-18 18:53:57.790  INFO 9288 --- [restartedMain] o.a.c.c.C.[Tomcat].[localhost].[/]       : Initializing Spring embedded WebApplicationContext
2019-02-18 18:53:57.793  INFO 9288 --- [restartedMain] o.s.web.context.ContextLoader            : Root WebApplicationContext: initialization completed in 1312 ms
2019-02-18 18:53:57.851 DEBUG 9288 --- [restartedMain] o.s.w.f.CommonsRequestLoggingFilter      : Filter 'requestLoggingFilter' configured for use
2019-02-18 18:53:57.954  INFO 9288 --- [restartedMain] com.zaxxer.hikari.HikariDataSource       : HikariPool-2 - Starting...
2019-02-18 18:53:57.998  INFO 9288 --- [restartedMain] com.zaxxer.hikari.HikariDataSource       : HikariPool-2 - Start completed.
2019-02-18 18:53:58.021  INFO 9288 --- [restartedMain] o.hibernate.jpa.internal.util.LogHelper  : HHH000204: Processing PersistenceUnitInfo [
	name: default
	...]
2019-02-18 18:53:58.079  INFO 9288 --- [restartedMain] org.hibernate.dialect.Dialect            : HHH000400: Using dialect: org.hibernate.dialect.H2Dialect
2019-02-18 18:53:58.678  INFO 9288 --- [restartedMain] j.LocalContainerEntityManagerFactoryBean : Initialized JPA EntityManagerFactory for persistence unit 'default'
2019-02-18 18:53:58.714  INFO 9288 --- [restartedMain] o.s.b.d.a.OptionalLiveReloadServer       : LiveReload server is running on port 35729
2019-02-18 18:53:59.061  INFO 9288 --- [restartedMain] o.s.s.concurrent.ThreadPoolTaskExecutor  : Initializing ExecutorService 'applicationTaskExecutor'
2019-02-18 18:53:59.088  WARN 9288 --- [restartedMain] aWebConfiguration$JpaWebMvcConfiguration : spring.jpa.open-in-view is enabled by default. Therefore, database queries may be performed during view rendering. Explicitly configure spring.jpa.open-in-view to disable this warning
2019-02-18 18:53:59.305  INFO 9288 --- [restartedMain] o.s.b.w.embedded.tomcat.TomcatWebServer  : Tomcat started on port(s): 8080 (http) with context path ''
2019-02-18 18:53:59.309  INFO 9288 --- [restartedMain] com.app.lms.Application                  : Started Application in 2.939 seconds (JVM running for 180.903)
2019-02-18 18:53:59.317  INFO 9288 --- [restartedMain] .ConditionEvaluationDeltaLoggingListener : Condition evaluation unchanged
2019-02-18 18:57:07.535  INFO 9288 --- [Thread-11] o.s.s.concurrent.ThreadPoolTaskExecutor  : Shutting down ExecutorService 'applicationTaskExecutor'
2019-02-18 18:57:07.552  INFO 9288 --- [Thread-11] j.LocalContainerEntityManagerFactoryBean : Closing JPA EntityManagerFactory for persistence unit 'default'
2019-02-18 18:57:07.558  INFO 9288 --- [Thread-11] com.zaxxer.hikari.HikariDataSource       : HikariPool-2 - Shutdown initiated...
2019-02-18 18:57:07.595  INFO 9288 --- [Thread-11] com.zaxxer.hikari.HikariDataSource       : HikariPool-2 - Shutdown completed.
2019-02-18 18:57:08.675  INFO 9288 --- [restartedMain] com.app.lms.Application                  : Starting Application on LAPTOP-IQK01NR6 with PID 9288 (started by MuhammadUsman in C:\Users\MuhammadUsman\Desktop\New folder\lms-master)
2019-02-18 18:57:08.681  INFO 9288 --- [restartedMain] com.app.lms.Application                  : No active profile set, falling back to default profiles: default
2019-02-18 18:57:09.267  INFO 9288 --- [restartedMain] .s.d.r.c.RepositoryConfigurationDelegate : Bootstrapping Spring Data repositories in DEFAULT mode.
2019-02-18 18:57:09.325  INFO 9288 --- [restartedMain] .s.d.r.c.RepositoryConfigurationDelegate : Finished Spring Data repository scanning in 52ms. Found 3 repository interfaces.
2019-02-18 18:57:09.428  INFO 9288 --- [restartedMain] trationDelegate$BeanPostProcessorChecker : Bean 'org.springframework.transaction.annotation.ProxyTransactionManagementConfiguration' of type [org.springframework.transaction.annotation.ProxyTransactionManagementConfiguration$$EnhancerBySpringCGLIB$$ad681453] is not eligible for getting processed by all BeanPostProcessors (for example: not eligible for auto-proxying)
2019-02-18 18:57:09.734  INFO 9288 --- [restartedMain] o.s.b.w.embedded.tomcat.TomcatWebServer  : Tomcat initialized with port(s): 8080 (http)
2019-02-18 18:57:09.741  INFO 9288 --- [restartedMain] o.apache.catalina.core.StandardService   : Starting service [Tomcat]
2019-02-18 18:57:09.743  INFO 9288 --- [restartedMain] org.apache.catalina.core.StandardEngine  : Starting Servlet engine: [Apache Tomcat/9.0.14]
2019-02-18 18:57:09.817  INFO 9288 --- [restartedMain] o.a.c.c.C.[Tomcat].[localhost].[/]       : Initializing Spring embedded WebApplicationContext
2019-02-18 18:57:09.817  INFO 9288 --- [restartedMain] o.s.web.context.ContextLoader            : Root WebApplicationContext: initialization completed in 1113 ms
2019-02-18 18:57:09.873 DEBUG 9288 --- [restartedMain] o.s.w.f.CommonsRequestLoggingFilter      : Filter 'requestLoggingFilter' configured for use
2019-02-18 18:57:09.951  INFO 9288 --- [restartedMain] com.zaxxer.hikari.HikariDataSource       : HikariPool-3 - Starting...
2019-02-18 18:57:09.972  INFO 9288 --- [restartedMain] com.zaxxer.hikari.HikariDataSource       : HikariPool-3 - Start completed.
2019-02-18 18:57:10.002  INFO 9288 --- [restartedMain] o.hibernate.jpa.internal.util.LogHelper  : HHH000204: Processing PersistenceUnitInfo [
	name: default
	...]
2019-02-18 18:57:10.044  INFO 9288 --- [restartedMain] org.hibernate.dialect.Dialect            : HHH000400: Using dialect: org.hibernate.dialect.H2Dialect
2019-02-18 18:57:10.231  INFO 9288 --- [restartedMain] j.LocalContainerEntityManagerFactoryBean : Initialized JPA EntityManagerFactory for persistence unit 'default'
2019-02-18 18:57:10.259  INFO 9288 --- [restartedMain] o.s.b.d.a.OptionalLiveReloadServer       : LiveReload server is running on port 35729
2019-02-18 18:57:10.575  INFO 9288 --- [restartedMain] o.s.s.concurrent.ThreadPoolTaskExecutor  : Initializing ExecutorService 'applicationTaskExecutor'
2019-02-18 18:57:10.596  WARN 9288 --- [restartedMain] aWebConfiguration$JpaWebMvcConfiguration : spring.jpa.open-in-view is enabled by default. Therefore, database queries may be performed during view rendering. Explicitly configure spring.jpa.open-in-view to disable this warning
2019-02-18 18:57:11.100  INFO 9288 --- [restartedMain] o.s.b.w.embedded.tomcat.TomcatWebServer  : Tomcat started on port(s): 8080 (http) with context path ''
2019-02-18 18:57:11.144  INFO 9288 --- [restartedMain] com.app.lms.Application                  : Started Application in 2.596 seconds (JVM running for 372.737)
2019-02-18 18:57:11.151  INFO 9288 --- [restartedMain] .ConditionEvaluationDeltaLoggingListener : Condition evaluation unchanged
2019-02-18 19:05:54.453  INFO 9288 --- [Thread-18] o.s.s.concurrent.ThreadPoolTaskExecutor  : Shutting down ExecutorService 'applicationTaskExecutor'
2019-02-18 19:05:54.472  INFO 9288 --- [Thread-18] j.LocalContainerEntityManagerFactoryBean : Closing JPA EntityManagerFactory for persistence unit 'default'
2019-02-18 19:05:54.481  INFO 9288 --- [Thread-18] com.zaxxer.hikari.HikariDataSource       : HikariPool-3 - Shutdown initiated...
2019-02-18 19:05:54.504  INFO 9288 --- [Thread-18] com.zaxxer.hikari.HikariDataSource       : HikariPool-3 - Shutdown completed.
2019-02-18 19:05:55.607  INFO 9288 --- [restartedMain] com.app.lms.Application                  : Starting Application on LAPTOP-IQK01NR6 with PID 9288 (started by MuhammadUsman in C:\Users\MuhammadUsman\Desktop\New folder\lms-master)
2019-02-18 19:05:55.609  INFO 9288 --- [restartedMain] com.app.lms.Application                  : No active profile set, falling back to default profiles: default
2019-02-18 19:05:56.177  INFO 9288 --- [restartedMain] .s.d.r.c.RepositoryConfigurationDelegate : Bootstrapping Spring Data repositories in DEFAULT mode.
2019-02-18 19:05:56.228  INFO 9288 --- [restartedMain] .s.d.r.c.RepositoryConfigurationDelegate : Finished Spring Data repository scanning in 47ms. Found 3 repository interfaces.
2019-02-18 19:05:56.360  INFO 9288 --- [restartedMain] trationDelegate$BeanPostProcessorChecker : Bean 'org.springframework.transaction.annotation.ProxyTransactionManagementConfiguration' of type [org.springframework.transaction.annotation.ProxyTransactionManagementConfiguration$$EnhancerBySpringCGLIB$$ad681453] is not eligible for getting processed by all BeanPostProcessors (for example: not eligible for auto-proxying)
2019-02-18 19:05:56.655  INFO 9288 --- [restartedMain] o.s.b.w.embedded.tomcat.TomcatWebServer  : Tomcat initialized with port(s): 8080 (http)
2019-02-18 19:05:56.664  INFO 9288 --- [restartedMain] o.apache.catalina.core.StandardService   : Starting service [Tomcat]
2019-02-18 19:05:56.668  INFO 9288 --- [restartedMain] org.apache.catalina.core.StandardEngine  : Starting Servlet engine: [Apache Tomcat/9.0.14]
2019-02-18 19:05:56.721  INFO 9288 --- [restartedMain] o.a.c.c.C.[Tomcat].[localhost].[/]       : Initializing Spring embedded WebApplicationContext
2019-02-18 19:05:56.729  INFO 9288 --- [restartedMain] o.s.web.context.ContextLoader            : Root WebApplicationContext: initialization completed in 1112 ms
2019-02-18 19:05:56.772 DEBUG 9288 --- [restartedMain] o.s.w.f.CommonsRequestLoggingFilter      : Filter 'requestLoggingFilter' configured for use
2019-02-18 19:05:56.837  INFO 9288 --- [restartedMain] com.zaxxer.hikari.HikariDataSource       : HikariPool-4 - Starting...
2019-02-18 19:05:56.858  INFO 9288 --- [restartedMain] com.zaxxer.hikari.HikariDataSource       : HikariPool-4 - Start completed.
2019-02-18 19:05:56.877  INFO 9288 --- [restartedMain] o.hibernate.jpa.internal.util.LogHelper  : HHH000204: Processing PersistenceUnitInfo [
	name: default
	...]
2019-02-18 19:05:56.922  INFO 9288 --- [restartedMain] org.hibernate.dialect.Dialect            : HHH000400: Using dialect: org.hibernate.dialect.H2Dialect
2019-02-18 19:05:57.107  INFO 9288 --- [restartedMain] j.LocalContainerEntityManagerFactoryBean : Initialized JPA EntityManagerFactory for persistence unit 'default'
2019-02-18 19:05:57.119  INFO 9288 --- [restartedMain] o.s.b.d.a.OptionalLiveReloadServer       : LiveReload server is running on port 35729
2019-02-18 19:05:57.378  INFO 9288 --- [restartedMain] o.s.s.concurrent.ThreadPoolTaskExecutor  : Initializing ExecutorService 'applicationTaskExecutor'
2019-02-18 19:05:57.400  WARN 9288 --- [restartedMain] aWebConfiguration$JpaWebMvcConfiguration : spring.jpa.open-in-view is enabled by default. Therefore, database queries may be performed during view rendering. Explicitly configure spring.jpa.open-in-view to disable this warning
2019-02-18 19:05:57.567  INFO 9288 --- [restartedMain] o.s.b.w.embedded.tomcat.TomcatWebServer  : Tomcat started on port(s): 8080 (http) with context path ''
2019-02-18 19:05:57.684  INFO 9288 --- [restartedMain] com.app.lms.Application                  : Started Application in 2.165 seconds (JVM running for 899.277)
2019-02-18 19:05:57.725  INFO 9288 --- [restartedMain] .ConditionEvaluationDeltaLoggingListener : Condition evaluation unchanged
2019-02-18 19:06:10.689  INFO 9288 --- [Thread-25] o.s.s.concurrent.ThreadPoolTaskExecutor  : Shutting down ExecutorService 'applicationTaskExecutor'
2019-02-18 19:06:10.741  INFO 9288 --- [Thread-25] j.LocalContainerEntityManagerFactoryBean : Closing JPA EntityManagerFactory for persistence unit 'default'
2019-02-18 19:06:10.744  INFO 9288 --- [Thread-25] com.zaxxer.hikari.HikariDataSource       : HikariPool-4 - Shutdown initiated...
2019-02-18 19:06:10.756  INFO 9288 --- [Thread-25] com.zaxxer.hikari.HikariDataSource       : HikariPool-4 - Shutdown completed.
2019-02-18 19:06:11.705  INFO 9288 --- [restartedMain] com.app.lms.Application                  : Starting Application on LAPTOP-IQK01NR6 with PID 9288 (started by MuhammadUsman in C:\Users\MuhammadUsman\Desktop\New folder\lms-master)
2019-02-18 19:06:11.710  INFO 9288 --- [restartedMain] com.app.lms.Application                  : No active profile set, falling back to default profiles: default
2019-02-18 19:06:12.273  INFO 9288 --- [restartedMain] .s.d.r.c.RepositoryConfigurationDelegate : Bootstrapping Spring Data repositories in DEFAULT mode.
2019-02-18 19:06:12.319  INFO 9288 --- [restartedMain] .s.d.r.c.RepositoryConfigurationDelegate : Finished Spring Data repository scanning in 45ms. Found 3 repository interfaces.
2019-02-18 19:06:12.450  INFO 9288 --- [restartedMain] trationDelegate$BeanPostProcessorChecker : Bean 'org.springframework.transaction.annotation.ProxyTransactionManagementConfiguration' of type [org.springframework.transaction.annotation.ProxyTransactionManagementConfiguration$$EnhancerBySpringCGLIB$$ad681453] is not eligible for getting processed by all BeanPostProcessors (for example: not eligible for auto-proxying)
2019-02-18 19:06:12.747  INFO 9288 --- [restartedMain] o.s.b.w.embedded.tomcat.TomcatWebServer  : Tomcat initialized with port(s): 8080 (http)
2019-02-18 19:06:12.755  INFO 9288 --- [restartedMain] o.apache.catalina.core.StandardService   : Starting service [Tomcat]
2019-02-18 19:06:12.757  INFO 9288 --- [restartedMain] org.apache.catalina.core.StandardEngine  : Starting Servlet engine: [Apache Tomcat/9.0.14]
2019-02-18 19:06:12.849  INFO 9288 --- [restartedMain] o.a.c.c.C.[Tomcat].[localhost].[/]       : Initializing Spring embedded WebApplicationContext
2019-02-18 19:06:12.852  INFO 9288 --- [restartedMain] o.s.web.context.ContextLoader            : Root WebApplicationContext: initialization completed in 1130 ms
2019-02-18 19:06:12.900 DEBUG 9288 --- [restartedMain] o.s.w.f.CommonsRequestLoggingFilter      : Filter 'requestLoggingFilter' configured for use
2019-02-18 19:06:12.967  INFO 9288 --- [restartedMain] com.zaxxer.hikari.HikariDataSource       : HikariPool-5 - Starting...
2019-02-18 19:06:12.991  INFO 9288 --- [restartedMain] com.zaxxer.hikari.HikariDataSource       : HikariPool-5 - Start completed.
2019-02-18 19:06:13.022  INFO 9288 --- [restartedMain] o.hibernate.jpa.internal.util.LogHelper  : HHH000204: Processing PersistenceUnitInfo [
	name: default
	...]
2019-02-18 19:06:13.073  INFO 9288 --- [restartedMain] org.hibernate.dialect.Dialect            : HHH000400: Using dialect: org.hibernate.dialect.H2Dialect
2019-02-18 19:06:13.278  INFO 9288 --- [restartedMain] j.LocalContainerEntityManagerFactoryBean : Initialized JPA EntityManagerFactory for persistence unit 'default'
2019-02-18 19:06:13.299  INFO 9288 --- [restartedMain] o.s.b.d.a.OptionalLiveReloadServer       : LiveReload server is running on port 35729
2019-02-18 19:06:13.584  INFO 9288 --- [restartedMain] o.s.s.concurrent.ThreadPoolTaskExecutor  : Initializing ExecutorService 'applicationTaskExecutor'
2019-02-18 19:06:13.594  WARN 9288 --- [restartedMain] aWebConfiguration$JpaWebMvcConfiguration : spring.jpa.open-in-view is enabled by default. Therefore, database queries may be performed during view rendering. Explicitly configure spring.jpa.open-in-view to disable this warning
2019-02-18 19:06:13.773  INFO 9288 --- [restartedMain] o.s.b.w.embedded.tomcat.TomcatWebServer  : Tomcat started on port(s): 8080 (http) with context path ''
2019-02-18 19:06:13.777  INFO 9288 --- [restartedMain] com.app.lms.Application                  : Started Application in 2.151 seconds (JVM running for 915.37)
2019-02-18 19:06:13.784  INFO 9288 --- [restartedMain] .ConditionEvaluationDeltaLoggingListener : Condition evaluation unchanged
2019-02-18 19:06:42.894  INFO 9288 --- [Thread-32] o.s.s.concurrent.ThreadPoolTaskExecutor  : Shutting down ExecutorService 'applicationTaskExecutor'
2019-02-18 19:06:42.904  INFO 9288 --- [Thread-32] j.LocalContainerEntityManagerFactoryBean : Closing JPA EntityManagerFactory for persistence unit 'default'
2019-02-18 19:06:42.916  INFO 9288 --- [Thread-32] com.zaxxer.hikari.HikariDataSource       : HikariPool-5 - Shutdown initiated...
2019-02-18 19:06:42.945  INFO 9288 --- [Thread-32] com.zaxxer.hikari.HikariDataSource       : HikariPool-5 - Shutdown completed.
2019-02-18 19:06:44.078  INFO 9288 --- [restartedMain] com.app.lms.Application                  : Starting Application on LAPTOP-IQK01NR6 with PID 9288 (started by MuhammadUsman in C:\Users\MuhammadUsman\Desktop\New folder\lms-master)
2019-02-18 19:06:44.079  INFO 9288 --- [restartedMain] com.app.lms.Application                  : No active profile set, falling back to default profiles: default
2019-02-18 19:06:44.626  INFO 9288 --- [restartedMain] .s.d.r.c.RepositoryConfigurationDelegate : Bootstrapping Spring Data repositories in DEFAULT mode.
2019-02-18 19:06:44.669  INFO 9288 --- [restartedMain] .s.d.r.c.RepositoryConfigurationDelegate : Finished Spring Data repository scanning in 43ms. Found 3 repository interfaces.
2019-02-18 19:06:44.779  INFO 9288 --- [restartedMain] trationDelegate$BeanPostProcessorChecker : Bean 'org.springframework.transaction.annotation.ProxyTransactionManagementConfiguration' of type [org.springframework.transaction.annotation.ProxyTransactionManagementConfiguration$$EnhancerBySpringCGLIB$$ad681453] is not eligible for getting processed by all BeanPostProcessors (for example: not eligible for auto-proxying)
2019-02-18 19:06:45.080  INFO 9288 --- [restartedMain] o.s.b.w.embedded.tomcat.TomcatWebServer  : Tomcat initialized with port(s): 8080 (http)
2019-02-18 19:06:45.085  INFO 9288 --- [restartedMain] o.apache.catalina.core.StandardService   : Starting service [Tomcat]
2019-02-18 19:06:45.086  INFO 9288 --- [restartedMain] org.apache.catalina.core.StandardEngine  : Starting Servlet engine: [Apache Tomcat/9.0.14]
2019-02-18 19:06:45.151  INFO 9288 --- [restartedMain] o.a.c.c.C.[Tomcat].[localhost].[/]       : Initializing Spring embedded WebApplicationContext
2019-02-18 19:06:45.153  INFO 9288 --- [restartedMain] o.s.web.context.ContextLoader            : Root WebApplicationContext: initialization completed in 1068 ms
2019-02-18 19:06:45.193 DEBUG 9288 --- [restartedMain] o.s.w.f.CommonsRequestLoggingFilter      : Filter 'requestLoggingFilter' configured for use
2019-02-18 19:06:45.260  INFO 9288 --- [restartedMain] com.zaxxer.hikari.HikariDataSource       : HikariPool-6 - Starting...
2019-02-18 19:06:45.282  INFO 9288 --- [restartedMain] com.zaxxer.hikari.HikariDataSource       : HikariPool-6 - Start completed.
2019-02-18 19:06:45.317  INFO 9288 --- [restartedMain] o.hibernate.jpa.internal.util.LogHelper  : HHH000204: Processing PersistenceUnitInfo [
	name: default
	...]
2019-02-18 19:06:45.358  INFO 9288 --- [restartedMain] org.hibernate.dialect.Dialect            : HHH000400: Using dialect: org.hibernate.dialect.H2Dialect
2019-02-18 19:06:45.526  INFO 9288 --- [restartedMain] j.LocalContainerEntityManagerFactoryBean : Initialized JPA EntityManagerFactory for persistence unit 'default'
2019-02-18 19:06:45.544  INFO 9288 --- [restartedMain] o.s.b.d.a.OptionalLiveReloadServer       : LiveReload server is running on port 35729
2019-02-18 19:06:45.923  INFO 9288 --- [restartedMain] o.s.s.concurrent.ThreadPoolTaskExecutor  : Initializing ExecutorService 'applicationTaskExecutor'
2019-02-18 19:06:45.929  WARN 9288 --- [restartedMain] aWebConfiguration$JpaWebMvcConfiguration : spring.jpa.open-in-view is enabled by default. Therefore, database queries may be performed during view rendering. Explicitly configure spring.jpa.open-in-view to disable this warning
2019-02-18 19:06:46.325  INFO 9288 --- [restartedMain] o.s.b.w.embedded.tomcat.TomcatWebServer  : Tomcat started on port(s): 8080 (http) with context path ''
2019-02-18 19:06:46.338  INFO 9288 --- [restartedMain] com.app.lms.Application                  : Started Application in 2.364 seconds (JVM running for 947.931)
2019-02-18 19:06:46.345  INFO 9288 --- [restartedMain] .ConditionEvaluationDeltaLoggingListener : Condition evaluation unchanged
2019-02-18 19:08:09.149  INFO 3604 --- [restartedMain] com.app.lms.Application                  : Starting Application on LAPTOP-IQK01NR6 with PID 3604 (started by MuhammadUsman in C:\Users\MuhammadUsman\Desktop\New folder\lms-master)
2019-02-18 19:08:09.156  INFO 3604 --- [restartedMain] com.app.lms.Application                  : No active profile set, falling back to default profiles: default
2019-02-18 19:08:09.224  INFO 3604 --- [restartedMain] .e.DevToolsPropertyDefaultsPostProcessor : Devtools property defaults active! Set 'spring.devtools.add-properties' to 'false' to disable
2019-02-18 19:08:09.224  INFO 3604 --- [restartedMain] .e.DevToolsPropertyDefaultsPostProcessor : For additional web related logging consider setting the 'logging.level.web' property to 'DEBUG'
2019-02-18 19:08:10.438  INFO 3604 --- [restartedMain] .s.d.r.c.RepositoryConfigurationDelegate : Bootstrapping Spring Data repositories in DEFAULT mode.
2019-02-18 19:08:10.571  INFO 3604 --- [restartedMain] .s.d.r.c.RepositoryConfigurationDelegate : Finished Spring Data repository scanning in 111ms. Found 3 repository interfaces.
2019-02-18 19:08:11.084  INFO 3604 --- [restartedMain] trationDelegate$BeanPostProcessorChecker : Bean 'org.springframework.transaction.annotation.ProxyTransactionManagementConfiguration' of type [org.springframework.transaction.annotation.ProxyTransactionManagementConfiguration$$EnhancerBySpringCGLIB$$9df97538] is not eligible for getting processed by all BeanPostProcessors (for example: not eligible for auto-proxying)
2019-02-18 19:08:11.978  INFO 3604 --- [restartedMain] o.s.b.w.embedded.tomcat.TomcatWebServer  : Tomcat initialized with port(s): 8080 (http)
2019-02-18 19:08:12.017  INFO 3604 --- [restartedMain] o.apache.catalina.core.StandardService   : Starting service [Tomcat]
2019-02-18 19:08:12.019  INFO 3604 --- [restartedMain] org.apache.catalina.core.StandardEngine  : Starting Servlet engine: [Apache Tomcat/9.0.14]
2019-02-18 19:08:12.041  INFO 3604 --- [restartedMain] o.a.catalina.core.AprLifecycleListener   : The APR based Apache Tomcat Native library which allows optimal performance in production environments was not found on the java.library.path: [C:\Program Files\Java\jdk1.8.0_131\jre\bin;C:\WINDOWS\Sun\Java\bin;C:\WINDOWS\system32;C:\WINDOWS;C:\Program Files (x86)\Common Files\Oracle\Java\javapath;C:\ProgramData\Oracle\Java\javapath;C:\Program Files (x86)\Intel\iCLS Client\;C:\Program Files\Intel\iCLS Client\;C:\WINDOWS\system32;C:\WINDOWS;C:\WINDOWS\System32\Wbem;C:\WINDOWS\System32\WindowsPowerShell\v1.0\;C:\Program Files (x86)\Intel\Intel(R) Management Engine Components\DAL;C:\Program Files\Intel\Intel(R) Management Engine Components\DAL;C:\Program Files (x86)\Intel\Intel(R) Management Engine Components\IPT;C:\Program Files\Intel\Intel(R) Management Engine Components\IPT;C:\Program Files\PuTTY\;C:\Program Files\Git\cmd;C:\Program Files\Git\mingw64\bin;C:\Program Files\Git\usr\bin;C:\Program Files (x86)\Bitvise SSH Client;C:\Program Files\Microsoft VS Code\bin;C:\Users\MuhammadUsman\Desktop\Software\apache-maven-3.5.4-bin\apache-maven-3.5.4\bin;C:\WINDOWS\System32\OpenSSH\;C:\Users\MuhammadUsman\AppData\Roaming\nvm;C:\Program Files\nodejs;C:\Program Files (x86)\Windows Kits\8.1\Windows Performance Toolkit\;C:\Program Files\kubectl;C:\Program Files\helm\windows-amd64;C:\Program Files\IBM\Cloud\bin;C:\Program Files\IBM\Cloud\bin\cfcli;C:\Program Files\Intel\WiFi\bin\;C:\Program Files\Common Files\Intel\WirelessCommon\;C:\Users\MuhammadUsman\.windows-build-tools\python27\;C:\Users\MuhammadUsman\AppData\Roaming\nvm\v8.9.4\node_modules\npm\node_modules\npm-lifecycle\node-gyp-bin;C:\Program Files\nodejs\node_modules\windows-build-tools\node_modules\.bin;C:\Program Files\nodejs\node_modules\.bin;C:\Users\MuhammadUsman\bin;C:\Program Files\Git\mingw64\bin;C:\Program Files\Git\usr\local\bin;C:\Program Files\Git\usr\bin;C:\Program Files\Git\usr\bin;C:\Program Files\Git\mingw64\bin;C:\Program Files\Git\usr\bin;C:\Users\MuhammadUsman\bin;C:\Program Files (x86)\Common Files\Oracle\Java\javapath;C:\Program Files (x86)\Intel\iCLS Client;C:\Program Files\Intel\iCLS Client;C:\WINDOWS\system32;C:\WINDOWS;C:\WINDOWS\System32\Wbem;C:\WINDOWS\System32\WindowsPowerShell\v1.0;C:\Program Files (x86)\Intel\Intel(R) Management Engine Components\DAL;C:\Program Files\Intel\Intel(R) Management Engine Components\DAL;C:\Program Files (x86)\Intel\Intel(R) Management Engine Components\IPT;C:\Program Files\Intel\Intel(R) Management Engine Components\IPT;C:\Program Files\PuTTY;C:\Program Files\Git\cmd;C:\Program Files\Git\mingw64\bin;C:\Program Files\Git\usr\bin;C:\Program Files (x86)\Bitvise SSH Client;C:\Program Files\Microsoft VS Code\bin;C:\Users\MuhammadUsman\Desktop\Software\apache-maven-3.5.4-bin\apache-maven-3.5.4\bin;C:\WINDOWS\System32\OpenSSH;C:\Program Files\Intel\WiFi\bin;C:\Program Files\Common Files\Intel\WirelessCommon;C:\Users\MuhammadUsman\AppData\Roaming\nvm;C:\Program Files\nodejs;C:\Users\MuhammadUsman\AppData\Local\Microsoft\WindowsApps;C:\Users\MuhammadUsman\AppData\Roaming\nvm;C:\Program Files\nodejs;C:\Program Files\Git\usr\bin\vendor_perl;C:\Program Files\Git\usr\bin\core_perl;C:\Program Files\IBM\Cloud\bin\cfcli;C:\Users\MuhammadUsman\AppData\Local\Box\Box Edit\;.]
2019-02-18 19:08:12.221  INFO 3604 --- [restartedMain] o.a.c.c.C.[Tomcat].[localhost].[/]       : Initializing Spring embedded WebApplicationContext
2019-02-18 19:08:12.221  INFO 3604 --- [restartedMain] o.s.web.context.ContextLoader            : Root WebApplicationContext: initialization completed in 2997 ms
2019-02-18 19:08:12.412 DEBUG 3604 --- [restartedMain] o.s.w.f.CommonsRequestLoggingFilter      : Filter 'requestLoggingFilter' configured for use
2019-02-18 19:08:12.556  INFO 3604 --- [restartedMain] com.zaxxer.hikari.HikariDataSource       : HikariPool-1 - Starting...
2019-02-18 19:08:12.800  INFO 3604 --- [restartedMain] com.zaxxer.hikari.HikariDataSource       : HikariPool-1 - Start completed.
2019-02-18 19:08:12.894  INFO 3604 --- [restartedMain] o.hibernate.jpa.internal.util.LogHelper  : HHH000204: Processing PersistenceUnitInfo [
	name: default
	...]
2019-02-18 19:08:12.992  INFO 3604 --- [restartedMain] org.hibernate.Version                    : HHH000412: Hibernate Core {5.3.7.Final}
2019-02-18 19:08:13.005  INFO 3604 --- [restartedMain] org.hibernate.cfg.Environment            : HHH000206: hibernate.properties not found
2019-02-18 19:08:13.191  INFO 3604 --- [restartedMain] o.hibernate.annotations.common.Version   : HCANN000001: Hibernate Commons Annotations {5.0.4.Final}
2019-02-18 19:08:13.415  INFO 3604 --- [restartedMain] org.hibernate.dialect.Dialect            : HHH000400: Using dialect: org.hibernate.dialect.H2Dialect
2019-02-18 19:08:14.467  INFO 3604 --- [restartedMain] j.LocalContainerEntityManagerFactoryBean : Initialized JPA EntityManagerFactory for persistence unit 'default'
2019-02-18 19:08:14.520  INFO 3604 --- [restartedMain] o.s.b.d.a.OptionalLiveReloadServer       : LiveReload server is running on port 35729
2019-02-18 19:08:15.234  INFO 3604 --- [restartedMain] o.s.s.concurrent.ThreadPoolTaskExecutor  : Initializing ExecutorService 'applicationTaskExecutor'
2019-02-18 19:08:15.300  WARN 3604 --- [restartedMain] aWebConfiguration$JpaWebMvcConfiguration : spring.jpa.open-in-view is enabled by default. Therefore, database queries may be performed during view rendering. Explicitly configure spring.jpa.open-in-view to disable this warning
2019-02-18 19:08:15.780  INFO 3604 --- [restartedMain] o.s.b.w.embedded.tomcat.TomcatWebServer  : Tomcat started on port(s): 8080 (http) with context path ''
2019-02-18 19:08:15.790  INFO 3604 --- [restartedMain] com.app.lms.Application                  : Started Application in 7.2 seconds (JVM running for 7.963)
2019-02-18 19:08:57.346  INFO 3604 --- [Thread-6] o.s.s.concurrent.ThreadPoolTaskExecutor  : Shutting down ExecutorService 'applicationTaskExecutor'
2019-02-18 19:08:57.357  INFO 3604 --- [Thread-6] j.LocalContainerEntityManagerFactoryBean : Closing JPA EntityManagerFactory for persistence unit 'default'
2019-02-18 19:08:57.363  INFO 3604 --- [Thread-6] com.zaxxer.hikari.HikariDataSource       : HikariPool-1 - Shutdown initiated...
2019-02-18 19:08:57.387  INFO 3604 --- [Thread-6] com.zaxxer.hikari.HikariDataSource       : HikariPool-1 - Shutdown completed.
2019-02-18 19:08:58.599  INFO 3604 --- [restartedMain] com.app.lms.Application                  : Starting Application on LAPTOP-IQK01NR6 with PID 3604 (started by MuhammadUsman in C:\Users\MuhammadUsman\Desktop\New folder\lms-master)
2019-02-18 19:08:58.601  INFO 3604 --- [restartedMain] com.app.lms.Application                  : No active profile set, falling back to default profiles: default
2019-02-18 19:08:59.228  INFO 3604 --- [restartedMain] .s.d.r.c.RepositoryConfigurationDelegate : Bootstrapping Spring Data repositories in DEFAULT mode.
2019-02-18 19:08:59.282  INFO 3604 --- [restartedMain] .s.d.r.c.RepositoryConfigurationDelegate : Finished Spring Data repository scanning in 54ms. Found 3 repository interfaces.
2019-02-18 19:08:59.433  INFO 3604 --- [restartedMain] trationDelegate$BeanPostProcessorChecker : Bean 'org.springframework.transaction.annotation.ProxyTransactionManagementConfiguration' of type [org.springframework.transaction.annotation.ProxyTransactionManagementConfiguration$$EnhancerBySpringCGLIB$$9df97538] is not eligible for getting processed by all BeanPostProcessors (for example: not eligible for auto-proxying)
2019-02-18 19:08:59.760  INFO 3604 --- [restartedMain] o.s.b.w.embedded.tomcat.TomcatWebServer  : Tomcat initialized with port(s): 8080 (http)
2019-02-18 19:08:59.767  INFO 3604 --- [restartedMain] o.apache.catalina.core.StandardService   : Starting service [Tomcat]
2019-02-18 19:08:59.768  INFO 3604 --- [restartedMain] org.apache.catalina.core.StandardEngine  : Starting Servlet engine: [Apache Tomcat/9.0.14]
2019-02-18 19:08:59.837  INFO 3604 --- [restartedMain] o.a.c.c.C.[Tomcat].[localhost].[/]       : Initializing Spring embedded WebApplicationContext
2019-02-18 19:08:59.844  INFO 3604 --- [restartedMain] o.s.web.context.ContextLoader            : Root WebApplicationContext: initialization completed in 1234 ms
2019-02-18 19:08:59.928 DEBUG 3604 --- [restartedMain] o.s.w.f.CommonsRequestLoggingFilter      : Filter 'requestLoggingFilter' configured for use
2019-02-18 19:09:00.228  INFO 3604 --- [restartedMain] com.zaxxer.hikari.HikariDataSource       : HikariPool-2 - Starting...
2019-02-18 19:09:00.319  INFO 3604 --- [restartedMain] com.zaxxer.hikari.HikariDataSource       : HikariPool-2 - Start completed.
2019-02-18 19:09:00.363  INFO 3604 --- [restartedMain] o.hibernate.jpa.internal.util.LogHelper  : HHH000204: Processing PersistenceUnitInfo [
	name: default
	...]
2019-02-18 19:09:00.406  INFO 3604 --- [restartedMain] org.hibernate.dialect.Dialect            : HHH000400: Using dialect: org.hibernate.dialect.H2Dialect
2019-02-18 19:09:00.666  INFO 3604 --- [restartedMain] j.LocalContainerEntityManagerFactoryBean : Initialized JPA EntityManagerFactory for persistence unit 'default'
2019-02-18 19:09:00.694  INFO 3604 --- [restartedMain] o.s.b.d.a.OptionalLiveReloadServer       : LiveReload server is running on port 35729
2019-02-18 19:09:01.014  INFO 3604 --- [restartedMain] o.s.s.concurrent.ThreadPoolTaskExecutor  : Initializing ExecutorService 'applicationTaskExecutor'
2019-02-18 19:09:01.026  WARN 3604 --- [restartedMain] aWebConfiguration$JpaWebMvcConfiguration : spring.jpa.open-in-view is enabled by default. Therefore, database queries may be performed during view rendering. Explicitly configure spring.jpa.open-in-view to disable this warning
2019-02-18 19:09:01.240  INFO 3604 --- [restartedMain] o.s.b.w.embedded.tomcat.TomcatWebServer  : Tomcat started on port(s): 8080 (http) with context path ''
2019-02-18 19:09:01.251  INFO 3604 --- [restartedMain] com.app.lms.Application                  : Started Application in 2.764 seconds (JVM running for 53.423)
2019-02-18 19:09:01.261  INFO 3604 --- [restartedMain] .ConditionEvaluationDeltaLoggingListener : Condition evaluation unchanged
2019-02-18 19:09:10.218  INFO 3604 --- [Thread-11] o.s.s.concurrent.ThreadPoolTaskExecutor  : Shutting down ExecutorService 'applicationTaskExecutor'
2019-02-18 19:09:10.232  INFO 3604 --- [Thread-11] j.LocalContainerEntityManagerFactoryBean : Closing JPA EntityManagerFactory for persistence unit 'default'
2019-02-18 19:09:10.236  INFO 3604 --- [Thread-11] com.zaxxer.hikari.HikariDataSource       : HikariPool-2 - Shutdown initiated...
2019-02-18 19:09:10.272  INFO 3604 --- [Thread-11] com.zaxxer.hikari.HikariDataSource       : HikariPool-2 - Shutdown completed.
2019-02-18 19:09:11.315  INFO 3604 --- [restartedMain] com.app.lms.Application                  : Starting Application on LAPTOP-IQK01NR6 with PID 3604 (started by MuhammadUsman in C:\Users\MuhammadUsman\Desktop\New folder\lms-master)
2019-02-18 19:09:11.317  INFO 3604 --- [restartedMain] com.app.lms.Application                  : No active profile set, falling back to default profiles: default
2019-02-18 19:09:11.857  INFO 3604 --- [restartedMain] .s.d.r.c.RepositoryConfigurationDelegate : Bootstrapping Spring Data repositories in DEFAULT mode.
2019-02-18 19:09:11.912  INFO 3604 --- [restartedMain] .s.d.r.c.RepositoryConfigurationDelegate : Finished Spring Data repository scanning in 51ms. Found 3 repository interfaces.
2019-02-18 19:09:12.026  INFO 3604 --- [restartedMain] trationDelegate$BeanPostProcessorChecker : Bean 'org.springframework.transaction.annotation.ProxyTransactionManagementConfiguration' of type [org.springframework.transaction.annotation.ProxyTransactionManagementConfiguration$$EnhancerBySpringCGLIB$$9df97538] is not eligible for getting processed by all BeanPostProcessors (for example: not eligible for auto-proxying)
2019-02-18 19:09:12.351  INFO 3604 --- [restartedMain] o.s.b.w.embedded.tomcat.TomcatWebServer  : Tomcat initialized with port(s): 8080 (http)
2019-02-18 19:09:12.361  INFO 3604 --- [restartedMain] o.apache.catalina.core.StandardService   : Starting service [Tomcat]
2019-02-18 19:09:12.366  INFO 3604 --- [restartedMain] org.apache.catalina.core.StandardEngine  : Starting Servlet engine: [Apache Tomcat/9.0.14]
2019-02-18 19:09:12.795  INFO 3604 --- [restartedMain] o.a.c.c.C.[Tomcat].[localhost].[/]       : Initializing Spring embedded WebApplicationContext
2019-02-18 19:09:12.839  INFO 3604 --- [restartedMain] o.s.web.context.ContextLoader            : Root WebApplicationContext: initialization completed in 1514 ms
2019-02-18 19:09:13.010 DEBUG 3604 --- [restartedMain] o.s.w.f.CommonsRequestLoggingFilter      : Filter 'requestLoggingFilter' configured for use
2019-02-18 19:09:13.129  INFO 3604 --- [restartedMain] com.zaxxer.hikari.HikariDataSource       : HikariPool-3 - Starting...
2019-02-18 19:09:13.160  INFO 3604 --- [restartedMain] com.zaxxer.hikari.HikariDataSource       : HikariPool-3 - Start completed.
2019-02-18 19:09:13.192  INFO 3604 --- [restartedMain] o.hibernate.jpa.internal.util.LogHelper  : HHH000204: Processing PersistenceUnitInfo [
	name: default
	...]
2019-02-18 19:09:13.248  INFO 3604 --- [restartedMain] org.hibernate.dialect.Dialect            : HHH000400: Using dialect: org.hibernate.dialect.H2Dialect
2019-02-18 19:09:13.461  INFO 3604 --- [restartedMain] j.LocalContainerEntityManagerFactoryBean : Initialized JPA EntityManagerFactory for persistence unit 'default'
2019-02-18 19:09:13.477  INFO 3604 --- [restartedMain] o.s.b.d.a.OptionalLiveReloadServer       : LiveReload server is running on port 35729
2019-02-18 19:09:13.911  INFO 3604 --- [restartedMain] o.s.s.concurrent.ThreadPoolTaskExecutor  : Initializing ExecutorService 'applicationTaskExecutor'
2019-02-18 19:09:13.941  WARN 3604 --- [restartedMain] aWebConfiguration$JpaWebMvcConfiguration : spring.jpa.open-in-view is enabled by default. Therefore, database queries may be performed during view rendering. Explicitly configure spring.jpa.open-in-view to disable this warning
2019-02-18 19:09:14.131  INFO 3604 --- [restartedMain] o.s.b.w.embedded.tomcat.TomcatWebServer  : Tomcat started on port(s): 8080 (http) with context path ''
2019-02-18 19:09:14.148  INFO 3604 --- [restartedMain] com.app.lms.Application                  : Started Application in 2.921 seconds (JVM running for 66.32)
2019-02-18 19:09:14.153  INFO 3604 --- [restartedMain] .ConditionEvaluationDeltaLoggingListener : Condition evaluation unchanged
2019-02-18 19:09:31.422  INFO 3604 --- [Thread-18] o.s.s.concurrent.ThreadPoolTaskExecutor  : Shutting down ExecutorService 'applicationTaskExecutor'
2019-02-18 19:09:31.431  INFO 3604 --- [Thread-18] j.LocalContainerEntityManagerFactoryBean : Closing JPA EntityManagerFactory for persistence unit 'default'
2019-02-18 19:09:31.436  INFO 3604 --- [Thread-18] com.zaxxer.hikari.HikariDataSource       : HikariPool-3 - Shutdown initiated...
2019-02-18 19:09:31.454  INFO 3604 --- [Thread-18] com.zaxxer.hikari.HikariDataSource       : HikariPool-3 - Shutdown completed.
2019-02-18 19:09:32.424  INFO 3604 --- [restartedMain] com.app.lms.Application                  : Starting Application on LAPTOP-IQK01NR6 with PID 3604 (started by MuhammadUsman in C:\Users\MuhammadUsman\Desktop\New folder\lms-master)
2019-02-18 19:09:32.424  INFO 3604 --- [restartedMain] com.app.lms.Application                  : No active profile set, falling back to default profiles: default
2019-02-18 19:09:32.893  INFO 3604 --- [restartedMain] .s.d.r.c.RepositoryConfigurationDelegate : Bootstrapping Spring Data repositories in DEFAULT mode.
2019-02-18 19:09:32.935  INFO 3604 --- [restartedMain] .s.d.r.c.RepositoryConfigurationDelegate : Finished Spring Data repository scanning in 37ms. Found 3 repository interfaces.
2019-02-18 19:09:33.022  INFO 3604 --- [restartedMain] trationDelegate$BeanPostProcessorChecker : Bean 'org.springframework.transaction.annotation.ProxyTransactionManagementConfiguration' of type [org.springframework.transaction.annotation.ProxyTransactionManagementConfiguration$$EnhancerBySpringCGLIB$$9df97538] is not eligible for getting processed by all BeanPostProcessors (for example: not eligible for auto-proxying)
2019-02-18 19:09:33.263  INFO 3604 --- [restartedMain] o.s.b.w.embedded.tomcat.TomcatWebServer  : Tomcat initialized with port(s): 8080 (http)
2019-02-18 19:09:33.279  INFO 3604 --- [restartedMain] o.apache.catalina.core.StandardService   : Starting service [Tomcat]
2019-02-18 19:09:33.281  INFO 3604 --- [restartedMain] org.apache.catalina.core.StandardEngine  : Starting Servlet engine: [Apache Tomcat/9.0.14]
2019-02-18 19:09:33.338  INFO 3604 --- [restartedMain] o.a.c.c.C.[Tomcat].[localhost].[/]       : Initializing Spring embedded WebApplicationContext
2019-02-18 19:09:33.338  INFO 3604 --- [restartedMain] o.s.web.context.ContextLoader            : Root WebApplicationContext: initialization completed in 906 ms
2019-02-18 19:09:33.392 DEBUG 3604 --- [restartedMain] o.s.w.f.CommonsRequestLoggingFilter      : Filter 'requestLoggingFilter' configured for use
2019-02-18 19:09:33.445  INFO 3604 --- [restartedMain] com.zaxxer.hikari.HikariDataSource       : HikariPool-4 - Starting...
2019-02-18 19:09:33.504  INFO 3604 --- [restartedMain] com.zaxxer.hikari.HikariDataSource       : HikariPool-4 - Start completed.
2019-02-18 19:09:33.626  INFO 3604 --- [restartedMain] o.hibernate.jpa.internal.util.LogHelper  : HHH000204: Processing PersistenceUnitInfo [
	name: default
	...]
2019-02-18 19:09:33.841  INFO 3604 --- [restartedMain] org.hibernate.dialect.Dialect            : HHH000400: Using dialect: org.hibernate.dialect.H2Dialect
2019-02-18 19:09:34.239  INFO 3604 --- [restartedMain] j.LocalContainerEntityManagerFactoryBean : Initialized JPA EntityManagerFactory for persistence unit 'default'
2019-02-18 19:09:34.276  INFO 3604 --- [restartedMain] o.s.b.d.a.OptionalLiveReloadServer       : LiveReload server is running on port 35729
2019-02-18 19:09:34.631  INFO 3604 --- [restartedMain] o.s.s.concurrent.ThreadPoolTaskExecutor  : Initializing ExecutorService 'applicationTaskExecutor'
2019-02-18 19:09:34.653  WARN 3604 --- [restartedMain] aWebConfiguration$JpaWebMvcConfiguration : spring.jpa.open-in-view is enabled by default. Therefore, database queries may be performed during view rendering. Explicitly configure spring.jpa.open-in-view to disable this warning
2019-02-18 19:09:34.899  INFO 3604 --- [restartedMain] o.s.b.w.embedded.tomcat.TomcatWebServer  : Tomcat started on port(s): 8080 (http) with context path ''
2019-02-18 19:09:34.908  INFO 3604 --- [restartedMain] com.app.lms.Application                  : Started Application in 2.551 seconds (JVM running for 87.081)
2019-02-18 19:09:34.914  INFO 3604 --- [restartedMain] .ConditionEvaluationDeltaLoggingListener : Condition evaluation unchanged
2019-02-18 19:11:57.916  INFO 15320 --- [restartedMain] com.app.lms.Application                  : Starting Application on LAPTOP-IQK01NR6 with PID 15320 (started by MuhammadUsman in C:\Users\MuhammadUsman\Desktop\New folder\lms-master)
2019-02-18 19:11:57.924  INFO 15320 --- [restartedMain] com.app.lms.Application                  : No active profile set, falling back to default profiles: default
2019-02-18 19:11:58.078  INFO 15320 --- [restartedMain] .e.DevToolsPropertyDefaultsPostProcessor : Devtools property defaults active! Set 'spring.devtools.add-properties' to 'false' to disable
2019-02-18 19:11:58.081  INFO 15320 --- [restartedMain] .e.DevToolsPropertyDefaultsPostProcessor : For additional web related logging consider setting the 'logging.level.web' property to 'DEBUG'
2019-02-18 19:12:00.326  INFO 15320 --- [restartedMain] .s.d.r.c.RepositoryConfigurationDelegate : Bootstrapping Spring Data repositories in DEFAULT mode.
2019-02-18 19:12:00.461  INFO 15320 --- [restartedMain] .s.d.r.c.RepositoryConfigurationDelegate : Finished Spring Data repository scanning in 119ms. Found 3 repository interfaces.
2019-02-18 19:12:01.610  INFO 15320 --- [restartedMain] trationDelegate$BeanPostProcessorChecker : Bean 'org.springframework.transaction.annotation.ProxyTransactionManagementConfiguration' of type [org.springframework.transaction.annotation.ProxyTransactionManagementConfiguration$$EnhancerBySpringCGLIB$$6ca82187] is not eligible for getting processed by all BeanPostProcessors (for example: not eligible for auto-proxying)
2019-02-18 19:12:03.133  INFO 15320 --- [restartedMain] o.s.b.w.embedded.tomcat.TomcatWebServer  : Tomcat initialized with port(s): 8080 (http)
2019-02-18 19:12:03.221  INFO 15320 --- [restartedMain] o.apache.catalina.core.StandardService   : Starting service [Tomcat]
2019-02-18 19:12:03.225  INFO 15320 --- [restartedMain] org.apache.catalina.core.StandardEngine  : Starting Servlet engine: [Apache Tomcat/9.0.14]
2019-02-18 19:12:03.266  INFO 15320 --- [restartedMain] o.a.catalina.core.AprLifecycleListener   : The APR based Apache Tomcat Native library which allows optimal performance in production environments was not found on the java.library.path: [C:\Program Files\Java\jdk1.8.0_131\jre\bin;C:\WINDOWS\Sun\Java\bin;C:\WINDOWS\system32;C:\WINDOWS;C:\Program Files (x86)\Common Files\Oracle\Java\javapath;C:\ProgramData\Oracle\Java\javapath;C:\Program Files (x86)\Intel\iCLS Client\;C:\Program Files\Intel\iCLS Client\;C:\WINDOWS\system32;C:\WINDOWS;C:\WINDOWS\System32\Wbem;C:\WINDOWS\System32\WindowsPowerShell\v1.0\;C:\Program Files (x86)\Intel\Intel(R) Management Engine Components\DAL;C:\Program Files\Intel\Intel(R) Management Engine Components\DAL;C:\Program Files (x86)\Intel\Intel(R) Management Engine Components\IPT;C:\Program Files\Intel\Intel(R) Management Engine Components\IPT;C:\Program Files\PuTTY\;C:\Program Files\Git\cmd;C:\Program Files\Git\mingw64\bin;C:\Program Files\Git\usr\bin;C:\Program Files (x86)\Bitvise SSH Client;C:\Program Files\Microsoft VS Code\bin;C:\Users\MuhammadUsman\Desktop\Software\apache-maven-3.5.4-bin\apache-maven-3.5.4\bin;C:\WINDOWS\System32\OpenSSH\;C:\Users\MuhammadUsman\AppData\Roaming\nvm;C:\Program Files\nodejs;C:\Program Files (x86)\Windows Kits\8.1\Windows Performance Toolkit\;C:\Program Files\kubectl;C:\Program Files\helm\windows-amd64;C:\Program Files\IBM\Cloud\bin;C:\Program Files\IBM\Cloud\bin\cfcli;C:\Program Files\Intel\WiFi\bin\;C:\Program Files\Common Files\Intel\WirelessCommon\;C:\Users\MuhammadUsman\.windows-build-tools\python27\;C:\Users\MuhammadUsman\AppData\Roaming\nvm\v8.9.4\node_modules\npm\node_modules\npm-lifecycle\node-gyp-bin;C:\Program Files\nodejs\node_modules\windows-build-tools\node_modules\.bin;C:\Program Files\nodejs\node_modules\.bin;C:\Users\MuhammadUsman\bin;C:\Program Files\Git\mingw64\bin;C:\Program Files\Git\usr\local\bin;C:\Program Files\Git\usr\bin;C:\Program Files\Git\usr\bin;C:\Program Files\Git\mingw64\bin;C:\Program Files\Git\usr\bin;C:\Users\MuhammadUsman\bin;C:\Program Files (x86)\Common Files\Oracle\Java\javapath;C:\Program Files (x86)\Intel\iCLS Client;C:\Program Files\Intel\iCLS Client;C:\WINDOWS\system32;C:\WINDOWS;C:\WINDOWS\System32\Wbem;C:\WINDOWS\System32\WindowsPowerShell\v1.0;C:\Program Files (x86)\Intel\Intel(R) Management Engine Components\DAL;C:\Program Files\Intel\Intel(R) Management Engine Components\DAL;C:\Program Files (x86)\Intel\Intel(R) Management Engine Components\IPT;C:\Program Files\Intel\Intel(R) Management Engine Components\IPT;C:\Program Files\PuTTY;C:\Program Files\Git\cmd;C:\Program Files\Git\mingw64\bin;C:\Program Files\Git\usr\bin;C:\Program Files (x86)\Bitvise SSH Client;C:\Program Files\Microsoft VS Code\bin;C:\Users\MuhammadUsman\Desktop\Software\apache-maven-3.5.4-bin\apache-maven-3.5.4\bin;C:\WINDOWS\System32\OpenSSH;C:\Program Files\Intel\WiFi\bin;C:\Program Files\Common Files\Intel\WirelessCommon;C:\Users\MuhammadUsman\AppData\Roaming\nvm;C:\Program Files\nodejs;C:\Users\MuhammadUsman\AppData\Local\Microsoft\WindowsApps;C:\Users\MuhammadUsman\AppData\Roaming\nvm;C:\Program Files\nodejs;C:\Program Files\Git\usr\bin\vendor_perl;C:\Program Files\Git\usr\bin\core_perl;C:\Program Files\IBM\Cloud\bin\cfcli;C:\Users\MuhammadUsman\AppData\Local\Box\Box Edit\;.]
2019-02-18 19:12:03.590  INFO 15320 --- [restartedMain] o.a.c.c.C.[Tomcat].[localhost].[/]       : Initializing Spring embedded WebApplicationContext
2019-02-18 19:12:03.596  INFO 15320 --- [restartedMain] o.s.web.context.ContextLoader            : Root WebApplicationContext: initialization completed in 5512 ms
2019-02-18 19:12:04.005 DEBUG 15320 --- [restartedMain] o.s.w.f.CommonsRequestLoggingFilter      : Filter 'requestLoggingFilter' configured for use
2019-02-18 19:12:04.510  INFO 15320 --- [restartedMain] com.zaxxer.hikari.HikariDataSource       : HikariPool-1 - Starting...
2019-02-18 19:12:04.896  INFO 15320 --- [restartedMain] com.zaxxer.hikari.HikariDataSource       : HikariPool-1 - Start completed.
2019-02-18 19:12:05.200  INFO 15320 --- [restartedMain] o.hibernate.jpa.internal.util.LogHelper  : HHH000204: Processing PersistenceUnitInfo [
	name: default
	...]
2019-02-18 19:12:05.318  INFO 15320 --- [restartedMain] org.hibernate.Version                    : HHH000412: Hibernate Core {5.3.7.Final}
2019-02-18 19:12:05.323  INFO 15320 --- [restartedMain] org.hibernate.cfg.Environment            : HHH000206: hibernate.properties not found
2019-02-18 19:12:05.576  INFO 15320 --- [restartedMain] o.hibernate.annotations.common.Version   : HCANN000001: Hibernate Commons Annotations {5.0.4.Final}
2019-02-18 19:12:06.173  INFO 15320 --- [restartedMain] org.hibernate.dialect.Dialect            : HHH000400: Using dialect: org.hibernate.dialect.H2Dialect
2019-02-18 19:12:08.231  INFO 15320 --- [restartedMain] j.LocalContainerEntityManagerFactoryBean : Initialized JPA EntityManagerFactory for persistence unit 'default'
2019-02-18 19:12:08.304  INFO 15320 --- [restartedMain] o.s.b.d.a.OptionalLiveReloadServer       : LiveReload server is running on port 35729
